<?xml version="1.0" encoding="UTF-8"?>
<!-- Generated by org.testng.reporters.JUnitReportReporter -->
<testsuite hostname="DESKTOP-C7HII46" failures="0" tests="1" name="TestNG.BeforeAfterTestMethod.ClassTest02" time="0.002" errors="0" timestamp="2024-12-13T01:28:59 IST" skipped="0">
  <testcase classname="TestNG.BeforeAfterTestMethod.ClassTest02" name="test02" time="0.002"/>
  <system-out/>
</testsuite> <!-- TestNG.BeforeAfterTestMethod.ClassTest02 -->
