<?xml version="1.0" encoding="UTF-8"?>
<!-- Generated by org.testng.reporters.JUnitReportReporter -->
<testsuite hostname="DESKTOP-C7HII46" failures="0" tests="2" name="TestNG.AnnotationDemo3" time="0.011" errors="0" timestamp="2024-12-12T23:56:05 IST" skipped="0">
  <testcase classname="TestNG.AnnotationDemo3" name="search" time="0.009"/>
  <system-out/>
  <testcase classname="TestNG.AnnotationDemo3" name="advSearch" time="0.002"/>
  <system-out/>
</testsuite> <!-- TestNG.AnnotationDemo3 -->
