<?xml version="1.0" encoding="UTF-8"?>
<!-- Generated by org.testng.reporters.JUnitReportReporter -->
<testsuite hostname="DESKTOP-C7HII46" failures="0" tests="2" name="TestNG.BeforeAfterTestMethod.ClassTest04" time="0.020" errors="0" timestamp="2024-12-13T01:29:29 IST" skipped="0">
  <testcase classname="TestNG.BeforeAfterTestMethod.ClassTest04" name="run01" time="0.016"/>
  <system-out/>
  <testcase classname="TestNG.BeforeAfterTestMethod.ClassTest04" name="run02" time="0.004"/>
  <system-out/>
</testsuite> <!-- TestNG.BeforeAfterTestMethod.ClassTest04 -->
