<?xml version="1.0" encoding="UTF-8"?>
<!-- Generated by org.testng.reporters.JUnitReportReporter -->
<testsuite hostname="DESKTOP-C7HII46" failures="0" tests="4" name="TestNG.OrangeHRM" time="17.697" errors="0" timestamp="2024-12-12T00:13:21 IST" skipped="0">
  <testcase classname="TestNG.OrangeHRM" name="openApp" time="11.156"/>
  <system-out/>
  <testcase classname="TestNG.OrangeHRM" name="verifyLogo" time="3.064"/>
  <system-out/>
  <testcase classname="TestNG.OrangeHRM" name="login" time="1.809"/>
  <system-out/>
  <testcase classname="TestNG.OrangeHRM" name="closeApp" time="1.668"/>
  <system-out/>
</testsuite> <!-- TestNG.OrangeHRM -->
