<?xml version="1.0" encoding="UTF-8"?>
<!-- Generated by org.testng.reporters.JUnitReportReporter -->
<testsuite hostname="DESKTOP-C7HII46" failures="0" tests="1" name="TestNG.BeforeAfterTestMethod.ClassTest01" time="0.008" errors="0" timestamp="2024-12-13T01:28:59 IST" skipped="0">
  <testcase classname="TestNG.BeforeAfterTestMethod.ClassTest01" name="test01" time="0.008"/>
  <system-out/>
</testsuite> <!-- TestNG.BeforeAfterTestMethod.ClassTest01 -->
