<?xml version="1.0" encoding="UTF-8"?>
<!-- Generated by org.testng.reporters.JUnitReportReporter -->
<testsuite hostname="DESKTOP-C7HII46" failures="0" tests="3" name="DataProvider.DataProviderDemo" time="11.270" errors="0" timestamp="2024-12-13T21:16:17 IST" skipped="0">
  <testcase classname="DataProvider.DataProviderDemo" name="setUp" time="10.339"/>
  <system-out/>
  <testcase classname="DataProvider.DataProviderDemo" name="handleCheckBox" time="0.507"/>
  <system-out/>
  <testcase classname="DataProvider.DataProviderDemo" name="radioButton" time="0.424"/>
  <system-out/>
</testsuite> <!-- DataProvider.DataProviderDemo -->
