<?xml version="1.0" encoding="UTF-8"?>
<!-- Generated by org.testng.reporters.JUnitReportReporter -->
<testsuite hostname="DESKTOP-C7HII46" failures="0" tests="2" name="TestNG.AnnotationDemo2" time="0.026" errors="0" timestamp="2024-12-12T23:42:44 IST" skipped="0">
  <testcase classname="TestNG.AnnotationDemo2" name="search" time="0.016"/>
  <system-out/>
  <testcase classname="TestNG.AnnotationDemo2" name="advSearch" time="0.010"/>
  <system-out/>
</testsuite> <!-- TestNG.AnnotationDemo2 -->
