<?xml version="1.0" encoding="UTF-8"?>
<!-- Generated by org.testng.reporters.JUnitReportReporter -->
<testsuite hostname="DESKTOP-C7HII46" failures="0" tests="4" name="TestNG.HandleCheckRadioAssign" time="2.843" errors="0" timestamp="2024-12-11T23:55:09 IST" skipped="0">
  <testcase classname="TestNG.HandleCheckRadioAssign" name="handleCheckBox" time="0.821"/>
  <system-out/>
  <testcase classname="TestNG.HandleCheckRadioAssign" name="radioButton" time="0.421"/>
  <system-out/>
  <testcase classname="TestNG.HandleCheckRadioAssign" name="multipleCheckBox" time="0.806"/>
  <system-out/>
  <testcase classname="TestNG.HandleCheckRadioAssign" name="multipleRadioBtn" time="0.795"/>
  <system-out/>
</testsuite> <!-- TestNG.HandleCheckRadioAssign -->
