<?xml version="1.0" encoding="UTF-8"?>
<!-- Generated by org.testng.reporters.JUnitReportReporter -->
<testsuite hostname="DESKTOP-C7HII46" failures="0" tests="10" name="DataProviderAssignment.testCases.LoginTest" time="11.415" errors="0" timestamp="2024-12-17T12:12:22 IST" skipped="0">
  <testcase classname="DataProviderAssignment.testCases.LoginTest" name="testLogin" time="1.264"/>
  <system-out/>
  <testcase classname="DataProviderAssignment.testCases.LoginTest" name="testLogin" time="1.392"/>
  <system-out/>
  <testcase classname="DataProviderAssignment.testCases.LoginTest" name="testLogin" time="0.989"/>
  <system-out/>
  <testcase classname="DataProviderAssignment.testCases.LoginTest" name="testLogin" time="0.769"/>
  <system-out/>
  <testcase classname="DataProviderAssignment.testCases.LoginTest" name="testLogin" time="1.304"/>
  <system-out/>
  <testcase classname="DataProviderAssignment.testCases.LoginTest" name="testLogin" time="0.998"/>
  <system-out/>
  <testcase classname="DataProviderAssignment.testCases.LoginTest" name="testLogin" time="1.276"/>
  <system-out/>
  <testcase classname="DataProviderAssignment.testCases.LoginTest" name="testLogin" time="1.056"/>
  <system-out/>
  <testcase classname="DataProviderAssignment.testCases.LoginTest" name="testLogin" time="1.331"/>
  <system-out/>
  <testcase classname="DataProviderAssignment.testCases.LoginTest" name="testLogin" time="1.036"/>
  <system-out/>
</testsuite> <!-- DataProviderAssignment.testCases.LoginTest -->
