<?xml version="1.0" encoding="UTF-8"?>
<!-- Generated by org.testng.reporters.JUnitReportReporter -->
<testsuite hostname="DESKTOP-C7HII46" failures="0" tests="4" name="ExtentReportDemo.RunTest" time="16.548" errors="0" timestamp="2024-12-17T11:50:39 IST" skipped="0">
  <testcase classname="ExtentReportDemo.RunTest" name="openApp" time="11.252"/>
  <system-out/>
  <testcase classname="ExtentReportDemo.RunTest" name="verifyLogo" time="3.082"/>
  <system-out/>
  <testcase classname="ExtentReportDemo.RunTest" name="login" time="1.868"/>
  <system-out/>
  <testcase classname="ExtentReportDemo.RunTest" name="closeApp" time="0.346"/>
  <system-out/>
</testsuite> <!-- ExtentReportDemo.RunTest -->
