<?xml version="1.0" encoding="UTF-8"?>
<!-- Generated by org.testng.reporters.JUnitReportReporter -->
<testsuite hostname="DESKTOP-C7HII46" failures="0" tests="3" name="TestNG.Annotation" time="0.010" errors="0" timestamp="2024-12-12T00:13:21 IST" skipped="0">
  <testcase classname="TestNG.Annotation" name="openApp" time="0.004"/>
  <system-out/>
  <testcase classname="TestNG.Annotation" name="login" time="0.003"/>
  <system-out/>
  <testcase classname="TestNG.Annotation" name="logout" time="0.003"/>
  <system-out/>
</testsuite> <!-- TestNG.Annotation -->
